"../../../Engine/Content/EditorResources/S_Actor.uasset" 0
"../../../Engine/Content/EngineFonts/Roboto.uasset" 1
"../../../Engine/Content/Functions/Engine_MaterialFunctions01/Shading/PowerToRoughness.uasset" 2
"../../../Engine/Content/Functions/Engine_MaterialFunctions01/Shading/ConvertFromDiffSpec.uasset" 3
"../../../Engine/Content/EngineMaterials/DefaultDiffuse.uasset" 4
"../../../Engine/Content/EngineMaterials/DefaultDeferredDecalMaterial.uasset" 5
"../../../Engine/Content/EngineMaterials/DefaultLightFunctionMaterial.uasset" 6
"../../../Engine/Content/Functions/Engine_MaterialFunctions02/Utility/BreakOutFloat2Components.uasset" 7
"../../../Engine/Content/EngineMaterials/DefaultPostProcessMaterial.uasset" 8
"../../../Engine/Content/EngineResources/DefaultTexture.uasset" 9
"../../../Engine/Content/Functions/Engine_MaterialFunctions01/Texturing/ScaleUVsByCenter.uasset" 10
"../../../Engine/Content/Functions/Engine_MaterialFunctions02/ScreenResolution.uasset" 11
"../../../Engine/Content/Functions/Engine_MaterialFunctions02/Texturing/ScreenAlignedUVs.uasset" 12
"../../../Engine/Content/EngineResources/WhiteSquareTexture.uasset" 13
"../../../Engine/Content/EngineMaterials/Widget3DPassThrough.uasset" 14
"../../../Engine/Content/EngineMaterials/Widget3DPassThrough_Translucent.uasset" 15
"../../../Engine/Content/EngineMaterials/Widget3DPassThrough_Translucent_OneSided.uasset" 16
"../../../Engine/Content/EngineMaterials/Widget3DPassThrough_Opaque.uasset" 17
"../../../Engine/Content/EngineMaterials/Widget3DPassThrough_Opaque_OneSided.uasset" 18
"../../../Engine/Content/EngineMaterials/Widget3DPassThrough_Masked.uasset" 19
"../../../Engine/Content/EngineMaterials/Widget3DPassThrough_Masked_OneSided.uasset" 20
"../../../Engine/Content/Maps/Templates/Thumbnails/Default.uasset" 21
"../../../Engine/Content/EditorMaterials/ParticleSystems/PSysThumbnail_NoImage.uasset" 22
"../../../Engine/Content/EditorMaterials/ParticleSystems/PSysThumbnail_OOD.uasset" 23
"../../../Engine/Content/EditorLandscapeResources/DataLayer.uasset" 24
"../../../Engine/Content/EngineDamageTypes/DmgTypeBP_Environmental.uasset" 25
"../../../Engine/Content/EngineMeshes/Sphere.uasset" 26
"../../../Engine/Content/EngineFonts/RobotoDistanceField.uasset" 27
"../../../Engine/Content/EngineMaterials/DefaultTextMaterialOpaque.uasset" 28
"../../../Engine/Content/EditorResources/S_Trigger.uasset" 29
"../../../Engine/Content/EngineResources/GradientTexture0.uasset" 30
"../../../Engine/Content/EngineResources/Black.uasset" 31
"../../../Engine/Content/EditorMaterials/MatineeGroups/MAT_Groups_Float.uasset" 32
"../../../Engine/Content/EditorMaterials/MatineeGroups/MAT_Groups_Director.uasset" 33
"../../../Engine/Content/EditorMaterials/MatineeGroups/MAT_Groups_Event.uasset" 34
"../../../Engine/Content/EditorMaterials/MatineeGroups/MAT_Groups_Anim.uasset" 35
"../../../Engine/Content/EditorMaterials/MatineeGroups/MAT_Groups_Fade.uasset" 36
"../../../Engine/Content/EditorMaterials/MatineeGroups/MAT_Groups_Move.uasset" 37
"../../../Engine/Content/EditorMaterials/MatineeGroups/MAT_Groups_Slomo.uasset" 38
"../../../Engine/Content/EditorMaterials/MatineeGroups/MAT_ColorTrack.uasset" 39
"../../../Engine/Content/EditorMaterials/MAT_Groups_Toggle.uasset" 40
"../../../Engine/Content/EditorMaterials/MatineeGroups/MAT_Groups_AudioMaster.uasset" 41
"../../../Engine/Content/EditorMaterials/MatineeGroups/MAT_Groups_Sound.uasset" 42
"../../../Engine/Content/EditorMaterials/MatineeGroups/MAT_Groups_Vector.uasset" 43
"../../../Engine/Content/EditorMaterials/MAT_Groups_Visibility.uasset" 44
"../../../Engine/Content/EngineResources/DefaultTextureCube.uasset" 45
"../../../Engine/Content/Functions/Engine_MaterialFunctions01/Opacity/CameraDepthFade.uasset" 46
"../../../Engine/Content/EngineMaterials/T_Default_Material_Grid_M.uasset" 47
"../../../Engine/Content/EngineMaterials/T_Default_Material_Grid_N.uasset" 48
"../../../Engine/Content/EngineMaterials/DefaultMaterial.uasset" 49
"../../../Engine/Content/EngineMeshes/Cylinder.uasset" 50
"../../../Engine/Content/EngineTireTypes/DefaultTireType.uasset" 51
"../../../Engine/Content/Tutorial/Basics/TutorialAssets/icon_tab_Levels_40x.uasset" 52
"../../../Engine/Content/Tutorial/Landscape/TutorialAssets/Landscape.uasset" 53
"../../../Engine/Content/Tutorial/BlueprintTutorials/TutorialAssets/Blueprint_64x.uasset" 54
"../../../Engine/Content/Tutorial/Foliage/TutorialAssets/Foliage.uasset" 55
"../../../Engine/Content/Tutorial/ContentIntroCurve.uasset" 56
"../../../Engine/Plugins/2D/Paper2D/Content/PlaceholderTextures/DummySpriteTexture.uasset" 57
"../../../Engine/Plugins/2D/Paper2D/Content/DefaultSpriteMaterial.uasset" 58
"../../../Engine/Plugins/2D/Paper2D/Content/MaskedUnlitSpriteMaterial.uasset" 59
"../../../Engine/Plugins/2D/Paper2D/Content/OpaqueUnlitSpriteMaterial.uasset" 60
"../../../Engine/Plugins/2D/Paper2D/Content/DummySprite.uasset" 61
"../../../Engine/Plugins/2D/Paper2D/Content/DefaultPaperTerrainMaterial.uasset" 62
"../../../Engine/Content/EngineMaterials/RemoveSurfaceMaterial.uasset" 63
"../../../Engine/Content/EngineDebugMaterials/DebugMeshMaterial.uasset" 64
"../../../Engine/Content/EngineMaterials/InvalidLightmapSettings.uasset" 65
"../../../Engine/Content/EngineMaterials/M_InvalidLightmapSettings.uasset" 66
"../../../Engine/Content/EditorMaterials/GizmoMaterial.uasset" 67
"../../../Engine/Content/EngineMaterials/Good64x64TilingNoiseHighFreq.uasset" 68
"../../../Engine/Content/EngineMaterials/DefaultBokeh.uasset" 69
"../../../Engine/Content/EngineMaterials/PreintegratedSkinBRDF.uasset" 70
"../../../Engine/Content/EngineMaterials/MiniFont.uasset" 71
"../../../Engine/Content/EngineMaterials/WeightMapPlaceholderTexture.uasset" 72
"../../../Engine/Content/EngineMaterials/DefaultWhiteGrid.uasset" 73
"../../../Engine/Content/EngineMaterials/DefaultPhysicalMaterial.uasset" 74
"../../../Engine/Content/EngineFonts/RobotoTiny.uasset" 75
"../../../Engine/Content/EngineResources/AICON-Red.uasset" 76
"../../../Engine/Content/EngineResources/AICON-Green.uasset" 77
"../../../Engine/Content/MobileResources/HUD/MobileHUDButtonFire.uasset" 78
"../../../LD35/Content/FPWeapon/Materials/MaterialLayers/T_ML_FineRubber.uasset" 79
"../../../LD35/Content/FPWeapon/Mesh/SK_FPGun_PhysicsAsset.uasset" 80
"../../../Engine/Content/Functions/Engine_MaterialFunctions02/Utility/BlendAngleCorrectedNormals.uasset" 81
"../../../LD35/Content/StarterContent/Textures/T_Detail_Rocky_N.uasset" 82
"../../../LD35/Content/StarterContent/Textures/T_Rock_Basalt_D.uasset" 83
"../../../LD35/Content/StarterContent/Textures/T_RockMesh_M.uasset" 84
"../../../LD35/Content/StarterContent/Textures/T_RockMesh_N.uasset" 85
"../../../LD35/Content/StarterContent/Props/Materials/M_Rock.uasset" 86
"../../../LD35/Content/StarterContent/Props/SM_Rock.uasset" 87
"../../../LD35/Content/StarterContent/Textures/T_Shelf_M.uasset" 88
"../../../LD35/Content/StarterContent/Textures/T_Shelf_N.uasset" 89
"../../../LD35/Content/StarterContent/Props/Materials/M_Shelf.uasset" 90
"../../../LD35/Content/StarterContent/Props/SM_Shelf.uasset" 91
"../../../LD35/Content/StarterContent/Materials/M_Basic_Floor.uasset" 92
"../../../LD35/Content/StarterContent/Materials/M_Basic_Wall.uasset" 93
"../../../LD35/Content/StarterContent/Props/SM_Stairs.uasset" 94
"../../../Engine/Content/MobileResources/HUD/MobileHUDButton1_off.uasset" 95
"../../../Engine/Content/MobileResources/HUD/MobileHUDDirectionPad.uasset" 96
"../../../Engine/Content/MobileResources/HUD/MobileHUDDirectionPad3.uasset" 97
"../../../LD35/Content/Materials/unlit.uasset" 98
"../../../Engine/Content/EngineMaterials/WorldGridMaterial.uasset" 99
"../../../Engine/Content/BasicShapes/Cube.uasset" 100
"../../../LD35/Content/Blueprints/cube_clicked.uasset" 101
"../../../LD35/Content/Materials/unlit2_3.uasset" 102
"../../../LD35/Content/Blueprints/FirstPersonCharacter.uasset" 103
"../../../LD35/Content/Textures/FirstPersonCrosshair.uasset" 104
"../../../LD35/Content/Blueprints/FirstPersonHUD.uasset" 105
"../../../LD35/Content/Blueprints/FirstPersonGameMode.uasset" 106
"../../../LD35/Content/Meshes/BaseMaterial.uasset" 107
"../../../LD35/Content/Meshes/FirstPersonProjectileMaterial.uasset" 108
"../../../LD35/Content/Meshes/FirstPersonProjectileMesh.uasset" 109
"../../../LD35/Content/Blueprints/FirstPersonProjectile.uasset" 110
"../../../LD35/Content/Blueprints/NewPawn.uasset" 111
"../../../LD35/Content/StarterContent/Textures/T_Bush_D.uasset" 112
"../../../LD35/Content/StarterContent/Textures/T_Bush_N.uasset" 113
"../../../LD35/Content/StarterContent/Props/Materials/M_Bush.uasset" 114
"../../../LD35/Content/StarterContent/Props/SM_Bush.uasset" 115
"../../../LD35/Content/StarterContent/Textures/T_Chair_M.uasset" 116
"../../../LD35/Content/StarterContent/Textures/T_Chair_N.uasset" 117
"../../../LD35/Content/StarterContent/Props/Materials/M_Chair.uasset" 118
"../../../LD35/Content/StarterContent/Props/SM_Couch.uasset" 119
"../../../LD35/Content/StarterContent/Materials/M_Glass.uasset" 120
"../../../LD35/Content/StarterContent/Textures/T_Door_M.uasset" 121
"../../../LD35/Content/StarterContent/Textures/T_Door_N.uasset" 122
"../../../LD35/Content/StarterContent/Props/Materials/M_Door.uasset" 123
"../../../LD35/Content/StarterContent/Props/SM_Door.uasset" 124
"../../../LD35/Content/StarterContent/Props/Materials/M_MaterialSphere.uasset" 125
"../../../LD35/Content/StarterContent/Props/Materials/M_MaterialSphere_Plain.uasset" 126
"../../../LD35/Content/StarterContent/Props/SM_MatPreviewMesh_02.uasset" 127
"../../../Engine/Content/EditorResources/AudioIcons/S_AudioComponent_AutoActivate.uasset" 128
"../../../Engine/Content/EditorResources/EmptyActor.uasset" 129
"../../../LD35/Content/Widgets/FirstPersonCrosshair.uasset" 130
"../../../Engine/Content/MobileResources/T_MobileControls_texture.uasset" 131
"../../../Engine/Content/MobileResources/HUD/MobileHUDButton2_off.uasset" 132
"../../../Engine/Content/MobileResources/HUD/MobileHUDButton3.uasset" 133
"../../../Engine/Content/MobileResources/HUD/MobileHUDDirectionStick.uasset" 134
"../../../LD35/Content/Audio/FirstPersonTemplateWeaponFire02.uasset" 135
"../../../LD35/Content/Meshes/CubeMaterial.uasset" 136
"../../../LD35/Content/Meshes/1M_Cube_Chamfer.uasset" 137
"../../../LD35/Content/Meshes/CubeMaterialOverride.uasset" 138
"../../../LD35/Content/Meshes/TemplateFloor.uasset" 139
"../../../LD35/Content/Shapes/Shape_Cone.uasset" 140
"../../../LD35/Content/Shapes/Shape_Cube.uasset" 141
"../../../LD35/Content/Shapes/Shape_Cylinder.uasset" 142
"../../../LD35/Content/Shapes/Shape_NarrowCapsule.uasset" 143
"../../../LD35/Content/Shapes/Shape_Pipe.uasset" 144
"../../../LD35/Content/Shapes/Shape_Pipe_180.uasset" 145
"../../../LD35/Content/Shapes/Shape_Pipe_90.uasset" 146
"../../../LD35/Content/Shapes/Shape_Plane.uasset" 147
"../../../LD35/Content/Shapes/Shape_QuadPyramid.uasset" 148
"../../../LD35/Content/Shapes/Shape_Sphere.uasset" 149
"../../../LD35/Content/Shapes/Shape_Torus.uasset" 150
"../../../LD35/Content/Shapes/Shape_Trim.uasset" 151
"../../../LD35/Content/Shapes/Shape_Trim_90_In.uasset" 152
"../../../LD35/Content/Shapes/Shape_Trim_90_Out.uasset" 153
"../../../LD35/Content/Shapes/Shape_TriPyramid.uasset" 154
"../../../LD35/Content/Shapes/Shape_Tube.uasset" 155
"../../../LD35/Content/Shapes/Shape_Wedge_A.uasset" 156
"../../../LD35/Content/Shapes/Shape_Wedge_B.uasset" 157
"../../../LD35/Content/Shapes/Shape_WideCapsule.uasset" 158
"../../../LD35/Content/StarterContent/Architecture/Pillar_50x500.uasset" 159
"../../../LD35/Content/StarterContent/Architecture/Wall_400x300.uasset" 160
"../../../LD35/Content/StarterContent/Architecture/Wall_400x400.uasset" 161
"../../../LD35/Content/StarterContent/Architecture/Wall_500x500.uasset" 162
"../../../LD35/Content/StarterContent/Architecture/Wall_Door_400x400.uasset" 163
"../../../LD35/Content/StarterContent/Architecture/Wall_Window_400x400.uasset" 164
"../../../LD35/Content/StarterContent/Audio/Light01_Cue.uasset" 165
"../../../Engine/Content/EditorResources/LightIcons/S_LightError.uasset" 166
"../../../Engine/Content/EditorMaterials/PhAT_JointLimitMaterial.uasset" 167
"../../../Engine/Content/EditorMaterials/PreviewShadowIndicator.uasset" 168
"../../../Engine/Content/EditorMaterials/PreviewShadowIndicatorMaterial.uasset" 169
"../../../Engine/Content/EditorResources/BSPVertex.uasset" 170
"../../../Engine/Content/EditorResources/AudioIcons/S_AudioComponent.uasset" 171
"../../../Engine/Content/EngineDebugMaterials/HeatmapGradient.uasset" 172
"../../../Engine/Content/EngineDebugMaterials/BoneWeightMaterial.uasset" 173
"../../../Engine/Content/EngineDebugMaterials/GeomMaterial.uasset" 174
"../../../Engine/Content/EngineMaterials/EditorBrushMaterial.uasset" 175
"../../../Engine/Content/EngineMeshes/Cube.uasset" 176
"../../../Engine/Content/MobileResources/T_MobileMenu2.uasset" 177
"../../../Engine/Content/MobileResources/HUD/AnalogHat.uasset" 178
"../../../Engine/Content/MobileResources/HUD/VirtualJoystick_Background.uasset" 179
"../../../Engine/Content/MobileResources/HUD/VirtualJoystick_Thumb.uasset" 180
"../../../Engine/Content/MobileResources/HUD/DefaultVirtualJoysticks.uasset" 181
"../../../Engine/Content/MobileResources/HUD/LeftVirtualJoystickOnly.uasset" 182
"../../../Engine/Content/MobileResources/HUD/MobileHUDButton1_on.uasset" 183
"../../../Engine/Content/MobileResources/HUD/MobileHUDButton2_on.uasset" 184
"../../../Engine/Content/MobileResources/HUD/MobileHUDDirectionPad2.uasset" 185
"../../../Engine/Content/MobileResources/HUD/T_Castle_ThumbstickInner.uasset" 186
"../../../Engine/Content/MobileResources/HUD/T_Castle_ThumbstickOutter.uasset" 187
"../../../Engine/Content/Tutorial/BlueprintTutorials/TutorialAssets/BlueprintInterface_64x.uasset" 188
"../../../Engine/Content/Tutorial/BlueprintTutorials/TutorialAssets/BlueprintMacroLibrary_64x.uasset" 189
"../../../Engine/Content/Tutorial/BlueprintTutorials/TutorialAssets/Tutorial_BP_Interface.uasset" 190
"../../../Engine/Content/Tutorial/Paper2D/TutorialAssets/Paper2DFlipbook_TutorialIcon.uasset" 191
"../../../Engine/Content/Tutorial/Paper2D/TutorialAssets/Paper2DSprite_TutorialIcon.uasset" 192
"../../../Engine/Content/Tutorial/SubEditors/TutorialAssets/icon_Editor_Preferences_General_40x.uasset" 193
"../../../Engine/Content/Tutorial/SubEditors/TutorialAssets/icon_ShowSkeletalMeshes_40x.uasset" 194
"../../../Engine/Content/Tutorial/SubEditors/TutorialAssets/TutorialMaterial.uasset" 195
"../../../Engine/Content/Tutorial/SubEditors/TutorialAssets/T_SmokeSubUV_8X8.uasset" 196
"../../../Engine/Content/Tutorial/SubEditors/TutorialAssets/T_soft_smoke.uasset" 197
"../../../Engine/Content/Tutorial/SubEditors/TutorialAssets/M_smoke_subUV_blackbody.uasset" 198
"../../../Engine/Content/Tutorial/SubEditors/TutorialAssets/TutorialParticleSystem.uasset" 199
"../../../Engine/Content/Tutorial/SubEditors/TutorialAssets/Tutorial_DM.uasset" 200
"../../../LD35/Content/Character/Mesh/SK_Mannequin_Arms_Skeleton.uasset" 201
"../../../LD35/Content/Animations/FirstPerson_Fire.uasset" 202
"../../../LD35/Content/Animations/FirstPersonFire_Montage.uasset" 203
"../../../LD35/Content/Animations/FirstPerson_Idle.uasset" 204
"../../../LD35/Content/Animations/FirstPerson_JumpEnd.uasset" 205
"../../../LD35/Content/Animations/FirstPerson_JumpLoop.uasset" 206
"../../../LD35/Content/Animations/FirstPerson_JumpStart.uasset" 207
"../../../LD35/Content/Animations/FirstPerson_Run.uasset" 208
"../../../Engine/Content/EditorBlueprintResources/StandardMacros.uasset" 209
"../../../LD35/Content/Animations/FirstPerson_AnimBP.uasset" 210
"../../../LD35/Content/FPWeapon/Materials/MaterialLayers/ML_Plastic_Shiny_Beige_LOGO.uasset" 211
"../../../LD35/Content/Materials/unlit2_4.uasset" 212
"../../../LD35/Content/StarterContent/Audio/Light02_Cue.uasset" 213
"../../../LD35/Content/StarterContent/Audio/Explosion_Cue.uasset" 214
"../../../LD35/Content/StarterContent/Textures/T_Burst_M.uasset" 215
"../../../LD35/Content/StarterContent/Particles/Materials/M_Burst.uasset" 216
"../../../LD35/Content/StarterContent/Textures/T_Explosion_SubUV.uasset" 217
"../../../LD35/Content/StarterContent/Particles/Materials/M_explosion_subUV.uasset" 218
"../../../LD35/Content/StarterContent/Particles/Materials/m_flare_01.uasset" 219
"../../../Engine/Content/Functions/Engine_MaterialFunctions01/Gradient/RadialGradient.uasset" 220
"../../../LD35/Content/StarterContent/Particles/Materials/M_radial_ramp.uasset" 221
"../../../LD35/Content/StarterContent/Textures/T_Smoke_SubUV.uasset" 222
"../../../LD35/Content/StarterContent/Textures/T_Smoke_Tiled_D.uasset" 223
"../../../LD35/Content/StarterContent/Particles/Materials/M_smoke_subUV.uasset" 224
"../../../LD35/Content/StarterContent/Particles/P_Explosion.uasset" 225
"../../../LD35/Content/StarterContent/Blueprints/Blueprint_Effect_Explosion.uasset" 226
"../../../Engine/Content/EditorMeshes/ColorCalibrator/T_ColorGrid.uasset" 227
"../../../LD35/Content/StarterContent/Materials/M_ColorGrid_LowSpec.uasset" 228
"../../../LD35/Content/widgets/crosshair_widget.uasset" 229
"../../../Engine/Content/EngineSky/C_Sky_Cloud_Color.uasset" 230
"../../../Engine/Content/EngineSky/C_Sky_Horizon_Color.uasset" 231
"../../../Engine/Content/EngineSky/C_Sky_Zenith_Color.uasset" 232
"../../../Engine/Content/EngineSky/T_Sky_Blue.uasset" 233
"../../../Engine/Content/EngineSky/T_Sky_Clouds_M.uasset" 234
"../../../Engine/Content/EngineSky/T_Sky_Stars.uasset" 235
"../../../Engine/Content/EngineSky/M_Sky_Panning_Clouds2.uasset" 236
"../../../Engine/Content/EngineSky/SM_SkySphere.uasset" 237
"../../../Engine/Content/EngineSky/BP_Sky_Sphere.uasset" 238
"../../../LD35/Content/StarterContent/Textures/T_MacroVariation.uasset" 239
"../../../LD35/Content/StarterContent/Materials/M_Metal_Brushed_Nickel.uasset" 240
"../../../LD35/Content/StarterContent/Textures/T_Metal_Aluminum_D.uasset" 241
"../../../LD35/Content/StarterContent/Textures/T_Metal_Gold_N.uasset" 242
"../../../LD35/Content/StarterContent/Materials/M_Metal_Burnished_Steel.uasset" 243
"../../../LD35/Content/StarterContent/Textures/T_Metal_Copper_D.uasset" 244
"../../../LD35/Content/StarterContent/Materials/M_Metal_Copper.uasset" 245
"../../../LD35/Content/StarterContent/Textures/T_Statue_M.uasset" 246
"../../../LD35/Content/StarterContent/Textures/T_Statue_N.uasset" 247
"../../../LD35/Content/StarterContent/Props/Materials/M_StatueGlass.uasset" 248
"../../../LD35/Content/StarterContent/Architecture/Floor_400x400.uasset" 249
"../../../LD35/Content/StarterContent/Audio/Starter_Background_Cue.uasset" 250
"../../../LD35/Content/StarterContent/Props/SM_Chair.uasset" 251
"../../../LD35/Content/StarterContent/Props/Materials/M_Statue.uasset" 252
"../../../LD35/Content/StarterContent/Props/SM_Statue.uasset" 253
"../../../LD35/Content/StarterContent/Textures/T_TableRound_M.uasset" 254
"../../../LD35/Content/StarterContent/Textures/T_TableRound_N.uasset" 255
"../../../LD35/Content/StarterContent/Props/Materials/M_TableRound.uasset" 256
"../../../LD35/Content/StarterContent/Props/SM_TableRound.uasset" 257
"../../../LD35/Content/StarterContent/Maps/Minimal_Default.umap" 258
"../../../LD35/Content/StarterContent/Blueprints/Assets/FogBrightnessLUT.uasset" 259
"../../../LD35/Content/StarterContent/Blueprints/Assets/SunlightColorLUT.uasset" 260
"../../../LD35/Content/StarterContent/Blueprints/Assets/M_LightStage_Arrows.uasset" 261
"../../../Engine/Content/MapTemplates/Sky/DaylightAmbientCubemap.uasset" 262
"../../../LD35/Content/StarterContent/Blueprints/Assets/M_LightStage_Skybox_Master.uasset" 263
"../../../LD35/Content/StarterContent/Blueprints/Assets/M_LightStage_Skybox_Black.uasset" 264
"../../../LD35/Content/StarterContent/Blueprints/Assets/M_LightStage_Skybox_HDRI.uasset" 265
"../../../Engine/Content/EditorMaterials/Thumbnails/SkySphereMaterial.uasset" 266
"../../../LD35/Content/StarterContent/Blueprints/Assets/Skybox.uasset" 267
"../../../LD35/Content/StarterContent/Blueprints/Assets/SM_Arrows.uasset" 268
"../../../LD35/Content/StarterContent/HDRI/HDRI_Epic_Courtyard_Daylight.uasset" 269
"../../../LD35/Content/StarterContent/Blueprints/BP_LightStudio.uasset" 270
"../../../LD35/Content/StarterContent/Materials/M_AssetPlatform.uasset" 271
"../../../Engine/Content/EditorMeshes/ColorCalibrator/M_ChromeBall.uasset" 272
"../../../Engine/Content/EditorMeshes/ColorCalibrator/M_ClearCoat.uasset" 273
"../../../Engine/Content/EditorMeshes/ColorCalibrator/M_ClearCoatBlack.uasset" 274
"../../../Engine/Content/EditorMeshes/ColorCalibrator/M_ColorGrid.uasset" 275
"../../../Engine/Content/EditorMeshes/ColorCalibrator/M_GreyBall.uasset" 276
"../../../Engine/Content/EditorMeshes/ColorCalibrator/SM_ColorCalibrator.uasset" 277
"../../../LD35/Content/StarterContent/Architecture/SM_AssetPlatform.uasset" 278
"../../../LD35/Content/StarterContent/Maps/Advanced_Lighting.umap" 279
"../../../LD35/Content/StarterContent/Textures/T_Concrete_Grime_D.uasset" 280
"../../../LD35/Content/StarterContent/Textures/T_Metal_Rust_N.uasset" 281
"../../../LD35/Content/StarterContent/Textures/T_Perlin_Noise_M.uasset" 282
"../../../LD35/Content/StarterContent/Materials/M_Concrete_Grime.uasset" 283
"../../../LD35/Content/StarterContent/Shapes/Shape_Cone.uasset" 284
"../../../LD35/Content/StarterContent/Shapes/Shape_Cube.uasset" 285
"../../../LD35/Content/StarterContent/Shapes/Shape_Cylinder.uasset" 286
"../../../LD35/Content/StarterContent/Shapes/Shape_NarrowCapsule.uasset" 287
"../../../LD35/Content/StarterContent/Shapes/Shape_Pipe.uasset" 288
"../../../LD35/Content/StarterContent/Shapes/Shape_Pipe_180.uasset" 289
"../../../LD35/Content/StarterContent/Shapes/Shape_Pipe_90.uasset" 290
"../../../LD35/Content/StarterContent/Shapes/Shape_Plane.uasset" 291
"../../../LD35/Content/StarterContent/Shapes/Shape_QuadPyramid.uasset" 292
"../../../LD35/Content/StarterContent/Shapes/Shape_Sphere.uasset" 293
"../../../LD35/Content/StarterContent/Shapes/Shape_Torus.uasset" 294
"../../../LD35/Content/StarterContent/Shapes/Shape_Trim.uasset" 295
"../../../LD35/Content/StarterContent/Shapes/Shape_Trim_90_In.uasset" 296
"../../../LD35/Content/StarterContent/Shapes/Shape_Trim_90_Out.uasset" 297
"../../../LD35/Content/StarterContent/Shapes/Shape_TriPyramid.uasset" 298
"../../../LD35/Content/StarterContent/Shapes/Shape_Tube.uasset" 299
"../../../LD35/Content/StarterContent/Shapes/Shape_Wedge_A.uasset" 300
"../../../LD35/Content/StarterContent/Shapes/Shape_Wedge_B.uasset" 301
"../../../LD35/Content/StarterContent/Shapes/Shape_WideCapsule.uasset" 302
"../../../LD35/Content/Maps/Minimal_Default_2.umap" 303
"../../../LD35/Content/Blueprints/mydefaultpawn.uasset" 304
"../../../LD35/Content/Materials/unlit2.uasset" 305
"../../../LD35/Content/Blueprints/shape_trigger.uasset" 306
"../../../LD35/Content/Materials/unlit2_2.uasset" 307
"../../../Engine/Content/BasicShapes/Sphere.uasset" 308
"../../../LD35/Content/Meshes/1M_Cube.uasset" 309
"../../../LD35/Content/Meshes/coffee_cup.uasset" 310
"../../../LD35/Content/Meshes/coffee_cup_2.uasset" 311
"../../../LD35/Content/Maps/FirstPersonExampleMap.umap" 312
"../../../Engine/Content/EngineMaterials/DefaultNormal.uasset" 313
"../../../Engine/Content/Maps/Entry.umap" 314
"../../../LD35/Content/Maps/credits.umap" 315
"../../../LD35/Content/StarterContent/Audio/Fire01_Cue.uasset" 316
"../../../LD35/Content/StarterContent/Textures/T_Fire_SubUV.uasset" 317
"../../../LD35/Content/StarterContent/Textures/T_Fire_Tiled_D.uasset" 318
"../../../LD35/Content/StarterContent/Particles/Materials/M_Fire_SubUV.uasset" 319
"../../../LD35/Content/StarterContent/Textures/T_Water_N.uasset" 320
"../../../LD35/Content/StarterContent/Particles/Materials/M_Heat_Distortion.uasset" 321
"../../../LD35/Content/StarterContent/Particles/Materials/M_Radial_Gradient.uasset" 322
"../../../LD35/Content/StarterContent/Particles/P_Fire.uasset" 323
"../../../LD35/Content/StarterContent/Blueprints/Blueprint_Effect_Fire.uasset" 324
"../../../LD35/Content/StarterContent/Audio/Smoke01_Cue.uasset" 325
"../../../LD35/Content/StarterContent/Particles/P_Smoke.uasset" 326
"../../../LD35/Content/StarterContent/Blueprints/Blueprint_Effect_Smoke.uasset" 327
"../../../LD35/Content/StarterContent/Audio/Fire_Sparks01_Cue.uasset" 328
"../../../LD35/Content/StarterContent/Textures/T_Spark_Core.uasset" 329
"../../../LD35/Content/StarterContent/Particles/Materials/M_Spark.uasset" 330
"../../../LD35/Content/StarterContent/Particles/P_Sparks.uasset" 331
"../../../LD35/Content/StarterContent/Blueprints/Blueprint_Effect_Sparks.uasset" 332
"../../../LD35/Content/StarterContent/Audio/Steam01_Cue.uasset" 333
"../../../LD35/Content/StarterContent/Particles/P_Steam_Lit.uasset" 334
"../../../LD35/Content/StarterContent/Blueprints/Blueprint_Effect_Steam.uasset" 335
"../../../LD35/Content/StarterContent/Textures/T_Lamp_M.uasset" 336
"../../../LD35/Content/StarterContent/Textures/T_Lamp_N.uasset" 337
"../../../LD35/Content/StarterContent/Props/Materials/M_Lamp.uasset" 338
"../../../LD35/Content/StarterContent/Props/SM_Lamp_Ceiling.uasset" 339
"../../../LD35/Content/StarterContent/Blueprints/Blueprint_CeilingLight.uasset" 340
"../../../LD35/Content/StarterContent/Props/SM_Lamp_Wall.uasset" 341
"../../../LD35/Content/StarterContent/Blueprints/Blueprint_WallSconce.uasset" 342
"../../../Engine/Content/Functions/Engine_MaterialFunctions03/Procedurals/ComputeFilterWidth.uasset" 343
"../../../Engine/Content/EngineMaterials/AntiAliasedTextMaterialTranslucent.uasset" 344
"../../../LD35/Content/StarterContent/Textures/T_Brick_Clay_Beveled_D.uasset" 345
"../../../LD35/Content/StarterContent/Textures/T_Brick_Clay_Beveled_M.uasset" 346
"../../../LD35/Content/StarterContent/Textures/T_Brick_Clay_Beveled_N.uasset" 347
"../../../LD35/Content/StarterContent/Materials/M_Brick_Clay_Beveled.uasset" 348
"../../../LD35/Content/StarterContent/Textures/T_Brick_Clay_New_D.uasset" 349
"../../../LD35/Content/StarterContent/Textures/T_Brick_Clay_New_M.uasset" 350
"../../../LD35/Content/StarterContent/Textures/T_Brick_Clay_New_N.uasset" 351
"../../../LD35/Content/StarterContent/Materials/M_Brick_Clay_New.uasset" 352
"../../../LD35/Content/StarterContent/Textures/T_Brick_Clay_Old_D.uasset" 353
"../../../LD35/Content/StarterContent/Textures/T_Brick_Clay_Old_N.uasset" 354
"../../../LD35/Content/StarterContent/Materials/M_Brick_Clay_Old.uasset" 355
"../../../LD35/Content/StarterContent/Textures/T_Brick_Cut_Stone_D.uasset" 356
"../../../LD35/Content/StarterContent/Textures/T_Brick_Cut_Stone_N.uasset" 357
"../../../LD35/Content/StarterContent/Materials/M_Brick_Cut_Stone.uasset" 358
"../../../LD35/Content/StarterContent/Textures/T_Brick_Hewn_Stone_D.uasset" 359
"../../../LD35/Content/StarterContent/Textures/T_Brick_Hewn_Stone_M.uasset" 360
"../../../LD35/Content/StarterContent/Textures/T_Brick_Hewn_Stone_N.uasset" 361
"../../../LD35/Content/StarterContent/Materials/M_Brick_Hewn_Stone.uasset" 362
"../../../LD35/Content/StarterContent/Textures/T_Ceramic_Tile_M.uasset" 363
"../../../LD35/Content/StarterContent/Textures/T_Ceramic_Tile_N.uasset" 364
"../../../LD35/Content/StarterContent/Textures/T_Rock_Marble_Polished_D.uasset" 365
"../../../LD35/Content/StarterContent/Materials/M_Ceramic_Tile_Checker.uasset" 366
"../../../LD35/Content/StarterContent/Textures/T_CobbleStone_Pebble_D.uasset" 367
"../../../LD35/Content/StarterContent/Textures/T_CobbleStone_Pebble_M.uasset" 368
"../../../LD35/Content/StarterContent/Textures/T_CobbleStone_Pebble_N.uasset" 369
"../../../LD35/Content/StarterContent/Materials/M_CobbleStone_Pebble.uasset" 370
"../../../LD35/Content/StarterContent/Textures/T_CobbleStone_Rough_D.uasset" 371
"../../../LD35/Content/StarterContent/Textures/T_CobbleStone_Rough_N.uasset" 372
"../../../LD35/Content/StarterContent/Textures/T_Gradinet_01.uasset" 373
"../../../LD35/Content/StarterContent/Textures/T_Rock_Smooth_Granite_D.uasset" 374
"../../../LD35/Content/StarterContent/Materials/M_CobbleStone_Rough.uasset" 375
"../../../LD35/Content/StarterContent/Textures/T_CobbleStone_Smooth_D.uasset" 376
"../../../LD35/Content/StarterContent/Textures/T_CobbleStone_Smooth_M.uasset" 377
"../../../LD35/Content/StarterContent/Textures/T_CobbleStone_Smooth_N.uasset" 378
"../../../LD35/Content/StarterContent/Materials/M_CobbleStone_Smooth.uasset" 379
"../../../LD35/Content/StarterContent/Textures/T_Concrete_Panels_D.uasset" 380
"../../../LD35/Content/StarterContent/Textures/T_Concrete_Panels_N.uasset" 381
"../../../LD35/Content/StarterContent/Materials/M_Concrete_Panels.uasset" 382
"../../../LD35/Content/StarterContent/Textures/T_Concrete_Poured_D.uasset" 383
"../../../LD35/Content/StarterContent/Textures/T_Concrete_Poured_N.uasset" 384
"../../../LD35/Content/StarterContent/Materials/M_Concrete_Poured.uasset" 385
"../../../LD35/Content/StarterContent/Textures/T_Concrete_Tiles_D.uasset" 386
"../../../LD35/Content/StarterContent/Textures/T_Concrete_Tiles_M.uasset" 387
"../../../LD35/Content/StarterContent/Textures/T_Concrete_Tiles_N.uasset" 388
"../../../LD35/Content/StarterContent/Textures/T_Concrete_Tiles_Variation_M.uasset" 389
"../../../LD35/Content/StarterContent/Materials/M_Concrete_Tiles.uasset" 390
"../../../LD35/Content/StarterContent/Textures/T_Ground_Grass_D.uasset" 391
"../../../LD35/Content/StarterContent/Textures/T_Ground_Grass_N.uasset" 392
"../../../LD35/Content/StarterContent/Materials/M_Ground_Grass.uasset" 393
"../../../LD35/Content/StarterContent/Textures/T_Ground_Gravel_D.uasset" 394
"../../../LD35/Content/StarterContent/Textures/T_Ground_Gravel_N.uasset" 395
"../../../LD35/Content/StarterContent/Materials/M_Ground_Gravel.uasset" 396
"../../../LD35/Content/StarterContent/Textures/T_ground_Moss_D.uasset" 397
"../../../LD35/Content/StarterContent/Textures/T_Ground_Moss_N.uasset" 398
"../../../LD35/Content/StarterContent/Materials/M_Ground_Moss.uasset" 399
"../../../LD35/Content/StarterContent/Materials/M_Metal_Chrome.uasset" 400
"../../../LD35/Content/StarterContent/Textures/T_Metal_Gold_D.uasset" 401
"../../../LD35/Content/StarterContent/Materials/M_Metal_Gold.uasset" 402
"../../../LD35/Content/StarterContent/Textures/T_Metal_Rust_D.uasset" 403
"../../../LD35/Content/StarterContent/Materials/M_Metal_Rust.uasset" 404
"../../../LD35/Content/StarterContent/Textures/T_Metal_Steel_D.uasset" 405
"../../../LD35/Content/StarterContent/Textures/T_Metal_Steel_N.uasset" 406
"../../../LD35/Content/StarterContent/Materials/M_Metal_Steel.uasset" 407
"../../../LD35/Content/StarterContent/Textures/T_Rock_Basalt_N.uasset" 408
"../../../LD35/Content/StarterContent/Materials/M_Rock_Basalt.uasset" 409
"../../../LD35/Content/StarterContent/Materials/M_Rock_Marble_Polished.uasset" 410
"../../../LD35/Content/StarterContent/Textures/T_Rock_Sandstone_D.uasset" 411
"../../../LD35/Content/StarterContent/Textures/T_Rock_Sandstone_N.uasset" 412
"../../../LD35/Content/StarterContent/Materials/M_Rock_Sandstone.uasset" 413
"../../../LD35/Content/StarterContent/Textures/T_Rock_Slate_D.uasset" 414
"../../../LD35/Content/StarterContent/Textures/T_Rock_Slate_N.uasset" 415
"../../../LD35/Content/StarterContent/Materials/M_Rock_Slate.uasset" 416
"../../../LD35/Content/StarterContent/Textures/T_Checker_Noise_M.uasset" 417
"../../../LD35/Content/StarterContent/Textures/T_Single_Tile_N.uasset" 418
"../../../LD35/Content/StarterContent/Textures/T_Tech_Dot_M.uasset" 419
"../../../LD35/Content/StarterContent/Textures/T_Tech_Dot_N.uasset" 420
"../../../LD35/Content/StarterContent/Materials/M_Tech_Checker_Dot.uasset" 421
"../../../LD35/Content/StarterContent/Textures/T_Tech_Hex_Tile_M.uasset" 422
"../../../LD35/Content/StarterContent/Textures/T_Tech_Hex_Tile_N.uasset" 423
"../../../LD35/Content/StarterContent/Materials/M_Tech_Hex_Tile.uasset" 424
"../../../LD35/Content/StarterContent/Materials/M_Tech_Hex_Tile_Pulse.uasset" 425
"../../../LD35/Content/StarterContent/Textures/T_Tech_Panel_M.uasset" 426
"../../../LD35/Content/StarterContent/Textures/T_Tech_Panel_N.uasset" 427
"../../../LD35/Content/StarterContent/Materials/M_Tech_Panel.uasset" 428
"../../../LD35/Content/StarterContent/Materials/M_Water_Lake.uasset" 429
"../../../LD35/Content/StarterContent/Textures/T_Water_M.uasset" 430
"../../../LD35/Content/StarterContent/Materials/M_Water_Ocean.uasset" 431
"../../../LD35/Content/StarterContent/Textures/T_Wood_Floor_Walnut_D.uasset" 432
"../../../LD35/Content/StarterContent/Textures/T_Wood_Floor_Walnut_M.uasset" 433
"../../../LD35/Content/StarterContent/Textures/T_Wood_Floor_Walnut_N.uasset" 434
"../../../LD35/Content/StarterContent/Materials/M_Wood_Floor_Walnut_Polished.uasset" 435
"../../../Engine/Content/Functions/Engine_MaterialFunctions01/Opacity/AlphaOffset.uasset" 436
"../../../LD35/Content/StarterContent/Materials/M_Wood_Floor_Walnut_Worn.uasset" 437
"../../../LD35/Content/StarterContent/Textures/T_Wood_Oak_D.uasset" 438
"../../../LD35/Content/StarterContent/Textures/T_Wood_Oak_N.uasset" 439
"../../../LD35/Content/StarterContent/Materials/M_Wood_Oak.uasset" 440
"../../../LD35/Content/StarterContent/Textures/T_Wood_Pine_D.uasset" 441
"../../../LD35/Content/StarterContent/Textures/T_Wood_Pine_N.uasset" 442
"../../../LD35/Content/StarterContent/Materials/M_Wood_Pine.uasset" 443
"../../../LD35/Content/StarterContent/Textures/T_Wood_Walnut_D.uasset" 444
"../../../LD35/Content/StarterContent/Textures/T_Wood_Walnut_N.uasset" 445
"../../../LD35/Content/StarterContent/Materials/M_Wood_Walnut.uasset" 446
"../../../LD35/Content/StarterContent/Architecture/Wall_400x200.uasset" 447
"../../../LD35/Content/StarterContent/Architecture/Wall_Door_400x300.uasset" 448
"../../../LD35/Content/StarterContent/Architecture/Wall_Window_400x300.uasset" 449
"../../../LD35/Content/StarterContent/Audio/Collapse_Cue.uasset" 450
"../../../LD35/Content/StarterContent/Audio/Starter_Music_Cue.uasset" 451
"../../../LD35/Content/StarterContent/Textures/T_Dust_Particle_D.uasset" 452
"../../../LD35/Content/StarterContent/Particles/Materials/M_Dust_Particle.uasset" 453
"../../../LD35/Content/StarterContent/Particles/P_Ambient_Dust.uasset" 454
"../../../LD35/Content/StarterContent/Props/MaterialSphere.uasset" 455
"../../../LD35/Content/StarterContent/Textures/T_Frame_M.uasset" 456
"../../../LD35/Content/StarterContent/Textures/T_Frame_N.uasset" 457
"../../../LD35/Content/StarterContent/Props/Materials/M_Frame.uasset" 458
"../../../LD35/Content/StarterContent/Props/SM_CornerFrame.uasset" 459
"../../../LD35/Content/StarterContent/Props/SM_DoorFrame.uasset" 460
"../../../LD35/Content/StarterContent/Props/SM_GlassWindow.uasset" 461
"../../../LD35/Content/StarterContent/Props/SM_PillarFrame.uasset" 462
"../../../LD35/Content/StarterContent/Props/SM_PillarFrame300.uasset" 463
"../../../LD35/Content/StarterContent/Props/SM_WindowFrame.uasset" 464
"../../../LD35/Content/StarterContent/Maps/StarterMap.umap" 465
"../../../LD35/Content/Blueprints/NewPlayerController.uasset" 466
"../../../LD35/Content/Blueprints/NewGameMode.uasset" 467
"../../../LD35/Content/Maps/Minimal_Default.umap" 468
