"../../../Engine/Content/EditorResources/S_Actor.uasset" 0
"../../../Engine/Content/EngineFonts/Roboto.uasset" 1
"../../../Engine/Content/Functions/Engine_MaterialFunctions01/Shading/PowerToRoughness.uasset" 2
"../../../Engine/Content/Functions/Engine_MaterialFunctions01/Shading/ConvertFromDiffSpec.uasset" 3
"../../../Engine/Content/EngineMaterials/DefaultDiffuse.uasset" 4
"../../../Engine/Content/EngineMaterials/DefaultDeferredDecalMaterial.uasset" 5
"../../../Engine/Content/EngineMaterials/DefaultLightFunctionMaterial.uasset" 6
"../../../Engine/Content/Functions/Engine_MaterialFunctions02/Utility/BreakOutFloat2Components.uasset" 7
"../../../Engine/Content/EngineMaterials/DefaultPostProcessMaterial.uasset" 8
"../../../Engine/Content/EngineResources/DefaultTexture.uasset" 9
"../../../Engine/Content/Functions/Engine_MaterialFunctions01/Texturing/ScaleUVsByCenter.uasset" 10
"../../../Engine/Content/Functions/Engine_MaterialFunctions02/ScreenResolution.uasset" 11
"../../../Engine/Content/Functions/Engine_MaterialFunctions02/Texturing/ScreenAlignedUVs.uasset" 12
"../../../Engine/Content/EngineResources/WhiteSquareTexture.uasset" 13
"../../../Engine/Content/EngineMaterials/Widget3DPassThrough.uasset" 14
"../../../Engine/Content/EngineMaterials/Widget3DPassThrough_Translucent.uasset" 15
"../../../Engine/Content/EngineMaterials/Widget3DPassThrough_Translucent_OneSided.uasset" 16
"../../../Engine/Content/EngineMaterials/Widget3DPassThrough_Opaque.uasset" 17
"../../../Engine/Content/EngineMaterials/Widget3DPassThrough_Opaque_OneSided.uasset" 18
"../../../Engine/Content/EngineMaterials/Widget3DPassThrough_Masked.uasset" 19
"../../../Engine/Content/EngineMaterials/Widget3DPassThrough_Masked_OneSided.uasset" 20
"../../../Engine/Content/Maps/Templates/Thumbnails/Default.uasset" 21
"../../../Engine/Content/EditorMaterials/ParticleSystems/PSysThumbnail_NoImage.uasset" 22
"../../../Engine/Content/EditorMaterials/ParticleSystems/PSysThumbnail_OOD.uasset" 23
"../../../Engine/Content/EditorLandscapeResources/DataLayer.uasset" 24
"../../../Engine/Content/EngineDamageTypes/DmgTypeBP_Environmental.uasset" 25
"../../../Engine/Content/EngineMeshes/Sphere.uasset" 26
"../../../Engine/Content/EngineFonts/RobotoDistanceField.uasset" 27
"../../../Engine/Content/EngineMaterials/DefaultTextMaterialOpaque.uasset" 28
"../../../Engine/Content/EditorResources/S_Trigger.uasset" 29
"../../../Engine/Content/EngineResources/GradientTexture0.uasset" 30
"../../../Engine/Content/EngineResources/Black.uasset" 31
"../../../Engine/Content/EditorMaterials/MatineeGroups/MAT_Groups_Float.uasset" 32
"../../../Engine/Content/EditorMaterials/MatineeGroups/MAT_Groups_Director.uasset" 33
"../../../Engine/Content/EditorMaterials/MatineeGroups/MAT_Groups_Event.uasset" 34
"../../../Engine/Content/EditorMaterials/MatineeGroups/MAT_Groups_Anim.uasset" 35
"../../../Engine/Content/EditorMaterials/MatineeGroups/MAT_Groups_Fade.uasset" 36
"../../../Engine/Content/EditorMaterials/MatineeGroups/MAT_Groups_Move.uasset" 37
"../../../Engine/Content/EditorMaterials/MatineeGroups/MAT_Groups_Slomo.uasset" 38
"../../../Engine/Content/EditorMaterials/MatineeGroups/MAT_ColorTrack.uasset" 39
"../../../Engine/Content/EditorMaterials/MAT_Groups_Toggle.uasset" 40
"../../../Engine/Content/EditorMaterials/MatineeGroups/MAT_Groups_AudioMaster.uasset" 41
"../../../Engine/Content/EditorMaterials/MatineeGroups/MAT_Groups_Sound.uasset" 42
"../../../Engine/Content/EditorMaterials/MatineeGroups/MAT_Groups_Vector.uasset" 43
"../../../Engine/Content/EditorMaterials/MAT_Groups_Visibility.uasset" 44
"../../../Engine/Content/EngineResources/DefaultTextureCube.uasset" 45
"../../../Engine/Content/Functions/Engine_MaterialFunctions01/Opacity/CameraDepthFade.uasset" 46
"../../../Engine/Content/EngineMaterials/T_Default_Material_Grid_M.uasset" 47
"../../../Engine/Content/EngineMaterials/T_Default_Material_Grid_N.uasset" 48
"../../../Engine/Content/EngineMaterials/DefaultMaterial.uasset" 49
"../../../Engine/Content/EngineMeshes/Cylinder.uasset" 50
"../../../Engine/Content/EngineTireTypes/DefaultTireType.uasset" 51
"../../../Engine/Content/Tutorial/Basics/TutorialAssets/icon_tab_Levels_40x.uasset" 52
"../../../Engine/Content/Tutorial/Landscape/TutorialAssets/Landscape.uasset" 53
"../../../Engine/Content/Tutorial/BlueprintTutorials/TutorialAssets/Blueprint_64x.uasset" 54
"../../../Engine/Content/Tutorial/Foliage/TutorialAssets/Foliage.uasset" 55
"../../../Engine/Content/Tutorial/ContentIntroCurve.uasset" 56
"../../../Engine/Plugins/2D/Paper2D/Content/PlaceholderTextures/DummySpriteTexture.uasset" 57
"../../../Engine/Plugins/2D/Paper2D/Content/DefaultSpriteMaterial.uasset" 58
"../../../Engine/Plugins/2D/Paper2D/Content/MaskedUnlitSpriteMaterial.uasset" 59
"../../../Engine/Plugins/2D/Paper2D/Content/OpaqueUnlitSpriteMaterial.uasset" 60
"../../../Engine/Plugins/2D/Paper2D/Content/DummySprite.uasset" 61
"../../../Engine/Plugins/2D/Paper2D/Content/DefaultPaperTerrainMaterial.uasset" 62
"../../../Engine/Content/EngineMaterials/RemoveSurfaceMaterial.uasset" 63
"../../../Engine/Content/EngineDebugMaterials/DebugMeshMaterial.uasset" 64
"../../../Engine/Content/EngineMaterials/InvalidLightmapSettings.uasset" 65
"../../../Engine/Content/EngineMaterials/M_InvalidLightmapSettings.uasset" 66
"../../../Engine/Content/EditorMaterials/GizmoMaterial.uasset" 67
"../../../Engine/Content/EngineMaterials/Good64x64TilingNoiseHighFreq.uasset" 68
"../../../Engine/Content/EngineMaterials/DefaultBokeh.uasset" 69
"../../../Engine/Content/EngineMaterials/PreintegratedSkinBRDF.uasset" 70
"../../../Engine/Content/EngineMaterials/MiniFont.uasset" 71
"../../../Engine/Content/EngineMaterials/WeightMapPlaceholderTexture.uasset" 72
"../../../Engine/Content/EngineMaterials/DefaultWhiteGrid.uasset" 73
"../../../Engine/Content/EngineMaterials/DefaultPhysicalMaterial.uasset" 74
"../../../Engine/Content/EngineFonts/RobotoTiny.uasset" 75
"../../../Engine/Content/EngineResources/AICON-Red.uasset" 76
"../../../Engine/Content/EngineResources/AICON-Green.uasset" 77
"../../../LD35/Content/StarterContent/Textures/T_Metal_Copper_D.uasset" 78
"../../../Engine/Content/MobileResources/HUD/MobileHUDButton1_on.uasset" 79
"../../../Engine/Content/MobileResources/HUD/MobileHUDDirectionPad3.uasset" 80
"../../../LD35/Content/Blueprints/matineePlayer.uasset" 81
"../../../LD35/Content/Blueprints/NewPawn.uasset" 82
"../../../Engine/Content/MobileResources/T_MobileControls_texture.uasset" 83
"../../../LD35/Content/StarterContent/Textures/T_Tech_Hex_Tile_M.uasset" 84
"../../../LD35/Content/StarterContent/Textures/T_Smoke_Tiled_D.uasset" 85
"../../../Engine/Content/MobileResources/HUD/MobileHUDDirectionStick.uasset" 86
"../../../LD35/Content/Meshes/BaseMaterial.uasset" 87
"../../../LD35/Content/Meshes/FirstPersonProjectileMaterial.uasset" 88
"../../../LD35/Content/Meshes/FirstPersonProjectileMesh.uasset" 89
"../../../LD35/Content/Blueprints/FirstPersonProjectile.uasset" 90
"../../../LD35/Content/StarterContent/Textures/T_Rock_Smooth_Granite_D.uasset" 91
"../../../LD35/Content/StarterContent/Textures/T_Wood_Floor_Walnut_N.uasset" 92
"../../../LD35/Content/StarterContent/Textures/T_Metal_Steel_N.uasset" 93
"../../../LD35/Content/StarterContent/Textures/T_CobbleStone_Smooth_D.uasset" 94
"../../../Engine/Content/MobileResources/HUD/T_Castle_ThumbstickInner.uasset" 95
"../../../LD35/Content/Materials/unlit.uasset" 96
"../../../Engine/Content/EngineMaterials/WorldGridMaterial.uasset" 97
"../../../Engine/Content/BasicShapes/Cube.uasset" 98
"../../../LD35/Content/Blueprints/cube_clicked.uasset" 99
"../../../LD35/Content/Materials/unlit2_3.uasset" 100
"../../../LD35/Content/Blueprints/FirstPersonCharacter.uasset" 101
"../../../LD35/Content/Textures/FirstPersonCrosshair.uasset" 102
"../../../LD35/Content/Blueprints/FirstPersonHUD.uasset" 103
"../../../LD35/Content/Blueprints/FirstPersonGameMode.uasset" 104
"../../../Engine/Content/MobileResources/HUD/T_Castle_ThumbstickOutter.uasset" 105
"../../../LD35/Content/Audio/super_chill_in_game_Cue.uasset" 106
"../../../LD35/Content/Character/Mesh/SK_Mannequin_Arms_Skeleton.uasset" 107
"../../../LD35/Content/Animations/FirstPerson_Fire.uasset" 108
"../../../LD35/Content/Animations/FirstPersonFire_Montage.uasset" 109
"../../../LD35/Content/Animations/FirstPerson_Idle.uasset" 110
"../../../LD35/Content/Animations/FirstPerson_JumpEnd.uasset" 111
"../../../LD35/Content/Animations/FirstPerson_JumpLoop.uasset" 112
"../../../LD35/Content/Animations/FirstPerson_JumpStart.uasset" 113
"../../../LD35/Content/Animations/FirstPerson_Run.uasset" 114
"../../../Engine/Content/EditorBlueprintResources/StandardMacros.uasset" 115
"../../../LD35/Content/Animations/FirstPerson_AnimBP.uasset" 116
"../../../Engine/Content/EditorResources/EmptyActor.uasset" 117
"../../../Engine/Content/EditorResources/AudioIcons/S_AudioComponent_AutoActivate.uasset" 118
"../../../LD35/Content/StarterContent/Textures/T_Water_M.uasset" 119
"../../../LD35/Content/StarterContent/Textures/T_Tech_Dot_M.uasset" 120
"../../../LD35/Content/StarterContent/Textures/T_ground_Moss_D.uasset" 121
"../../../Engine/Content/MobileResources/HUD/MobileHUDDirectionPad2.uasset" 122
"../../../LD35/Content/StarterContent/Textures/T_Concrete_Tiles_N.uasset" 123
"../../../LD35/Content/StarterContent/Textures/T_CobbleStone_Smooth_N.uasset" 124
"../../../LD35/Content/StarterContent/Textures/T_Concrete_Tiles_Variation_M.uasset" 125
"../../../LD35/Content/StarterContent/Textures/T_CobbleStone_Pebble_D.uasset" 126
"../../../Engine/Content/MobileResources/HUD/VirtualJoystick_Background.uasset" 127
"../../../Engine/Content/MobileResources/HUD/VirtualJoystick_Thumb.uasset" 128
"../../../Engine/Content/MobileResources/HUD/LeftVirtualJoystickOnly.uasset" 129
"../../../Engine/Content/MobileResources/HUD/DefaultVirtualJoysticks.uasset" 130
"../../../Engine/Content/MobileResources/HUD/AnalogHat.uasset" 131
"../../../LD35/Content/StarterContent/Textures/T_Spark_Core.uasset" 132
"../../../LD35/Content/StarterContent/Textures/T_Fire_SubUV.uasset" 133
"../../../LD35/Content/StarterContent/Textures/T_Tech_Panel_N.uasset" 134
"../../../LD35/Content/StarterContent/Textures/T_Fire_Tiled_D.uasset" 135
"../../../LD35/Content/StarterContent/Textures/T_Water_N.uasset" 136
"../../../LD35/Content/StarterContent/Textures/T_Tech_Dot_N.uasset" 137
"../../../LD35/Content/StarterContent/Textures/T_Wood_Walnut_N.uasset" 138
"../../../LD35/Content/StarterContent/Textures/T_Dust_Particle_D.uasset" 139
"../../../Engine/Content/MobileResources/HUD/MobileHUDButton2_off.uasset" 140
"../../../LD35/Content/StarterContent/Textures/T_Explosion_SubUV.uasset" 141
"../../../LD35/Content/StarterContent/Textures/T_CobbleStone_Pebble_M.uasset" 142
"../../../LD35/Content/StarterContent/Textures/T_Smoke_SubUV.uasset" 143
"../../../LD35/Content/StarterContent/Textures/T_CobbleStone_Rough_D.uasset" 144
"../../../LD35/Content/StarterContent/Textures/T_Metal_Gold_D.uasset" 145
"../../../LD35/Content/StarterContent/Textures/T_Metal_Steel_D.uasset" 146
"../../../LD35/Content/StarterContent/Textures/T_CobbleStone_Rough_N.uasset" 147
"../../../LD35/Content/StarterContent/Textures/T_Metal_Rust_D.uasset" 148
"../../../LD35/Content/StarterContent/Textures/T_Concrete_Tiles_M.uasset" 149
"../../../LD35/Content/StarterContent/Textures/T_Checker_Noise_M.uasset" 150
"../../../Engine/Content/MobileResources/HUD/MobileHUDButton3.uasset" 151
"../../../LD35/Content/Widgets/crosshair_widget.uasset" 152
"../../../LD35/Content/StarterContent/Textures/T_Wood_Oak_D.uasset" 153
"../../../LD35/Content/StarterContent/Textures/T_Wood_Pine_D.uasset" 154
"../../../LD35/Content/StarterContent/Textures/T_Burst_M.uasset" 155
"../../../LD35/Content/FPWeapon/Materials/MaterialLayers/T_ML_FineRubber.uasset" 156
"../../../LD35/Content/FPWeapon/Materials/MaterialLayers/ML_Plastic_Shiny_Beige_LOGO.uasset" 157
"../../../Engine/Content/MobileResources/HUD/MobileHUDDirectionPad.uasset" 158
"../../../LD35/Content/StarterContent/Textures/T_Single_Tile_N.uasset" 159
"../../../Engine/Content/MobileResources/HUD/MobileHUDButtonFire.uasset" 160
"../../../Engine/Content/MobileResources/T_MobileMenu2.uasset" 161
"../../../LD35/Content/StarterContent/Textures/T_Ground_Moss_N.uasset" 162
"../../../LD35/Content/StarterContent/Textures/T_Wood_Pine_N.uasset" 163
"../../../LD35/Content/StarterContent/Textures/T_Metal_Aluminum_D.uasset" 164
"../../../LD35/Content/StarterContent/Textures/T_Wood_Floor_Walnut_D.uasset" 165
"../../../LD35/Content/StarterContent/Textures/T_Tech_Panel_M.uasset" 166
"../../../LD35/Content/StarterContent/Textures/T_CobbleStone_Pebble_N.uasset" 167
"../../../LD35/Content/StarterContent/Textures/T_Wood_Walnut_D.uasset" 168
"../../../LD35/Content/StarterContent/Textures/T_Tech_Hex_Tile_N.uasset" 169
"../../../Engine/Content/MobileResources/HUD/MobileHUDButton2_on.uasset" 170
"../../../LD35/Content/StarterContent/Textures/T_Wood_Oak_N.uasset" 171
"../../../LD35/Content/StarterContent/Textures/T_Gradinet_01.uasset" 172
"../../../LD35/Content/StarterContent/Textures/T_Wood_Floor_Walnut_M.uasset" 173
"../../../LD35/Content/StarterContent/Textures/T_Concrete_Tiles_D.uasset" 174
"../../../LD35/Content/StarterContent/Textures/T_CobbleStone_Smooth_M.uasset" 175
"../../../Engine/Content/MobileResources/HUD/MobileHUDButton1_off.uasset" 176
"../../../Engine/Content/EditorMaterials/PhAT_JointLimitMaterial.uasset" 177
"../../../Engine/Content/EditorMaterials/PreviewShadowIndicator.uasset" 178
"../../../Engine/Content/EditorMaterials/PreviewShadowIndicatorMaterial.uasset" 179
"../../../Engine/Content/EditorMeshes/ColorCalibrator/M_ChromeBall.uasset" 180
"../../../Engine/Content/EditorMeshes/ColorCalibrator/M_ClearCoat.uasset" 181
"../../../Engine/Content/EditorMeshes/ColorCalibrator/M_ClearCoatBlack.uasset" 182
"../../../Engine/Content/EditorMeshes/ColorCalibrator/T_ColorGrid.uasset" 183
"../../../Engine/Content/EditorMeshes/ColorCalibrator/M_ColorGrid.uasset" 184
"../../../Engine/Content/EditorMeshes/ColorCalibrator/M_GreyBall.uasset" 185
"../../../Engine/Content/EditorMeshes/ColorCalibrator/SM_ColorCalibrator.uasset" 186
"../../../Engine/Content/EditorResources/BSPVertex.uasset" 187
"../../../Engine/Content/EngineDebugMaterials/HeatmapGradient.uasset" 188
"../../../Engine/Content/EngineDebugMaterials/BoneWeightMaterial.uasset" 189
"../../../Engine/Content/EngineDebugMaterials/GeomMaterial.uasset" 190
"../../../Engine/Content/EngineMaterials/EditorBrushMaterial.uasset" 191
"../../../Engine/Content/EngineMeshes/Cube.uasset" 192
"../../../Engine/Content/Tutorial/BlueprintTutorials/TutorialAssets/BlueprintInterface_64x.uasset" 193
"../../../Engine/Content/Tutorial/BlueprintTutorials/TutorialAssets/BlueprintMacroLibrary_64x.uasset" 194
"../../../Engine/Content/Tutorial/BlueprintTutorials/TutorialAssets/Tutorial_BP_Interface.uasset" 195
"../../../Engine/Content/Tutorial/Paper2D/TutorialAssets/Paper2DFlipbook_TutorialIcon.uasset" 196
"../../../Engine/Content/Tutorial/Paper2D/TutorialAssets/Paper2DSprite_TutorialIcon.uasset" 197
"../../../Engine/Content/Tutorial/SubEditors/TutorialAssets/icon_Editor_Preferences_General_40x.uasset" 198
"../../../Engine/Content/Tutorial/SubEditors/TutorialAssets/icon_ShowSkeletalMeshes_40x.uasset" 199
"../../../Engine/Content/Tutorial/SubEditors/TutorialAssets/TutorialMaterial.uasset" 200
"../../../Engine/Content/Tutorial/SubEditors/TutorialAssets/T_SmokeSubUV_8X8.uasset" 201
"../../../Engine/Content/Tutorial/SubEditors/TutorialAssets/T_soft_smoke.uasset" 202
"../../../Engine/Content/Tutorial/SubEditors/TutorialAssets/M_smoke_subUV_blackbody.uasset" 203
"../../../Engine/Content/Tutorial/SubEditors/TutorialAssets/TutorialParticleSystem.uasset" 204
"../../../Engine/Content/Tutorial/SubEditors/TutorialAssets/Tutorial_DM.uasset" 205
"../../../LD35/Content/Audio/FirstPersonTemplateWeaponFire02.uasset" 206
"../../../LD35/Content/Audio/ingame_with_fatty_Cue.uasset" 207
"../../../LD35/Content/FPWeapon/Mesh/SK_FPGun_PhysicsAsset.uasset" 208
"../../../LD35/Content/Materials/unlit5.uasset" 209
"../../../LD35/Content/Meshes/CubeMaterial.uasset" 210
"../../../LD35/Content/Meshes/1M_Cube_Chamfer.uasset" 211
"../../../LD35/Content/Meshes/CubeMaterialOverride.uasset" 212
"../../../LD35/Content/Meshes/TemplateFloor.uasset" 213
"../../../LD35/Content/StarterContent/Materials/M_Basic_Wall.uasset" 214
"../../../LD35/Content/Shapes/Shape_Cone.uasset" 215
"../../../LD35/Content/Shapes/Shape_Cube.uasset" 216
"../../../LD35/Content/Shapes/Shape_Cylinder.uasset" 217
"../../../LD35/Content/Shapes/Shape_NarrowCapsule.uasset" 218
"../../../LD35/Content/Shapes/Shape_Pipe.uasset" 219
"../../../LD35/Content/Shapes/Shape_Pipe_180.uasset" 220
"../../../LD35/Content/Shapes/Shape_Pipe_90.uasset" 221
"../../../LD35/Content/Shapes/Shape_Plane.uasset" 222
"../../../LD35/Content/Shapes/Shape_QuadPyramid.uasset" 223
"../../../LD35/Content/Shapes/Shape_Sphere.uasset" 224
"../../../LD35/Content/Shapes/Shape_Torus.uasset" 225
"../../../LD35/Content/Shapes/Shape_Trim.uasset" 226
"../../../LD35/Content/Shapes/Shape_Trim_90_In.uasset" 227
"../../../LD35/Content/Shapes/Shape_Trim_90_Out.uasset" 228
"../../../LD35/Content/Shapes/Shape_TriPyramid.uasset" 229
"../../../LD35/Content/Shapes/Shape_Tube.uasset" 230
"../../../LD35/Content/Shapes/Shape_Wedge_A.uasset" 231
"../../../LD35/Content/Shapes/Shape_Wedge_B.uasset" 232
"../../../LD35/Content/Shapes/Shape_WideCapsule.uasset" 233
"../../../Engine/Content/MapTemplates/Sky/DaylightAmbientCubemap.uasset" 234
"../../../LD35/Content/StarterContent/Blueprints/Assets/M_LightStage_Skybox_Master.uasset" 235
"../../../LD35/Content/StarterContent/HDRI/HDRI_Epic_Courtyard_Daylight.uasset" 236
"../../../LD35/Content/StarterContent/Materials/M_AssetPlatform.uasset" 237
"../../../LD35/Content/StarterContent/Materials/M_Basic_Floor.uasset" 238
"../../../LD35/Content/StarterContent/Textures/T_Concrete_Grime_D.uasset" 239
"../../../LD35/Content/StarterContent/Textures/T_MacroVariation.uasset" 240
"../../../LD35/Content/StarterContent/Materials/M_Brick_Clay_Beveled.uasset" 241
"../../../LD35/Content/StarterContent/Textures/T_Perlin_Noise_M.uasset" 242
"../../../LD35/Content/StarterContent/Materials/M_Brick_Cut_Stone.uasset" 243
"../../../LD35/Content/StarterContent/Textures/T_Ceramic_Tile_M.uasset" 244
"../../../LD35/Content/StarterContent/Textures/T_Ceramic_Tile_N.uasset" 245
"../../../LD35/Content/StarterContent/Textures/T_Rock_Marble_Polished_D.uasset" 246
"../../../LD35/Content/StarterContent/Materials/M_Ceramic_Tile_Checker.uasset" 247
"../../../LD35/Content/StarterContent/Textures/T_Concrete_Panels_D.uasset" 248
"../../../LD35/Content/StarterContent/Textures/T_Concrete_Panels_N.uasset" 249
"../../../LD35/Content/StarterContent/Materials/M_Concrete_Panels.uasset" 250
"../../../LD35/Content/StarterContent/Textures/T_Concrete_Poured_D.uasset" 251
"../../../LD35/Content/StarterContent/Textures/T_Concrete_Poured_N.uasset" 252
"../../../LD35/Content/StarterContent/Materials/M_Concrete_Poured.uasset" 253
"../../../LD35/Content/StarterContent/Materials/M_Glass.uasset" 254
"../../../LD35/Content/StarterContent/Textures/T_Ground_Grass_D.uasset" 255
"../../../LD35/Content/StarterContent/Textures/T_Ground_Grass_N.uasset" 256
"../../../LD35/Content/StarterContent/Materials/M_Ground_Grass.uasset" 257
"../../../LD35/Content/StarterContent/Textures/T_Ground_Gravel_D.uasset" 258
"../../../LD35/Content/StarterContent/Textures/T_Ground_Gravel_N.uasset" 259
"../../../LD35/Content/StarterContent/Materials/M_Ground_Gravel.uasset" 260
"../../../LD35/Content/StarterContent/Textures/T_Rock_Basalt_D.uasset" 261
"../../../LD35/Content/StarterContent/Textures/T_Rock_Basalt_N.uasset" 262
"../../../LD35/Content/StarterContent/Materials/M_Rock_Basalt.uasset" 263
"../../../LD35/Content/StarterContent/Textures/T_Metal_Gold_N.uasset" 264
"../../../LD35/Content/StarterContent/Materials/M_Rock_Marble_Polished.uasset" 265
"../../../LD35/Content/StarterContent/Textures/T_Rock_Sandstone_D.uasset" 266
"../../../LD35/Content/StarterContent/Textures/T_Rock_Sandstone_N.uasset" 267
"../../../LD35/Content/StarterContent/Materials/M_Rock_Sandstone.uasset" 268
"../../../LD35/Content/StarterContent/Textures/T_Rock_Slate_D.uasset" 269
"../../../LD35/Content/StarterContent/Textures/T_Rock_Slate_N.uasset" 270
"../../../LD35/Content/StarterContent/Materials/M_Rock_Slate.uasset" 271
"../../../LD35/Content/StarterContent/Props/MaterialSphere.uasset" 272
"../../../LD35/Content/StarterContent/Textures/T_Chair_M.uasset" 273
"../../../LD35/Content/StarterContent/Textures/T_Chair_N.uasset" 274
"../../../LD35/Content/StarterContent/Props/Materials/M_Chair.uasset" 275
"../../../LD35/Content/StarterContent/Textures/T_Door_M.uasset" 276
"../../../LD35/Content/StarterContent/Textures/T_Door_N.uasset" 277
"../../../LD35/Content/StarterContent/Props/Materials/M_Door.uasset" 278
"../../../LD35/Content/StarterContent/Textures/T_Frame_M.uasset" 279
"../../../LD35/Content/StarterContent/Textures/T_Frame_N.uasset" 280
"../../../LD35/Content/StarterContent/Props/Materials/M_Frame.uasset" 281
"../../../LD35/Content/StarterContent/Textures/T_Lamp_M.uasset" 282
"../../../LD35/Content/StarterContent/Textures/T_Lamp_N.uasset" 283
"../../../LD35/Content/StarterContent/Props/Materials/M_Lamp.uasset" 284
"../../../LD35/Content/StarterContent/Props/Materials/M_MaterialSphere.uasset" 285
"../../../LD35/Content/StarterContent/Props/Materials/M_MaterialSphere_Plain.uasset" 286
"../../../LD35/Content/StarterContent/Textures/T_Shelf_M.uasset" 287
"../../../LD35/Content/StarterContent/Textures/T_Shelf_N.uasset" 288
"../../../LD35/Content/StarterContent/Props/Materials/M_Shelf.uasset" 289
"../../../LD35/Content/StarterContent/Textures/T_TableRound_M.uasset" 290
"../../../LD35/Content/StarterContent/Textures/T_TableRound_N.uasset" 291
"../../../LD35/Content/StarterContent/Props/Materials/M_TableRound.uasset" 292
"../../../LD35/Content/StarterContent/Shapes/Shape_Plane.uasset" 293
"../../../LD35/Content/StarterContent/Shapes/Shape_Trim.uasset" 294
"../../../LD35/Content/StarterContent/Shapes/Shape_Trim_90_In.uasset" 295
"../../../LD35/Content/StarterContent/Shapes/Shape_Trim_90_Out.uasset" 296
"../../../Engine/Content/EngineMaterials/DefaultNormal.uasset" 297
"../../../Engine/Content/Maps/Entry.umap" 298
"../../../LD35/Content/Blueprints/mydefaultpawn.uasset" 299
"../../../LD35/Content/widgets/subtitle_overlay.uasset" 300
"../../../LD35/Content/Blueprints/subtitle_player.uasset" 301
"../../../LD35/Content/Audio/NewSoundAttenuation.uasset" 302
"../../../LD35/Content/Audio/mumbles_Cue.uasset" 303
"../../../LD35/Content/Audio/mumbles_lowpass_500_Cue.uasset" 304
"../../../LD35/Content/Blueprints/shape_trigger.uasset" 305
"../../../Engine/Content/EngineSky/C_Sky_Cloud_Color.uasset" 306
"../../../Engine/Content/EngineSky/C_Sky_Horizon_Color.uasset" 307
"../../../Engine/Content/EngineSky/C_Sky_Zenith_Color.uasset" 308
"../../../Engine/Content/EngineSky/T_Sky_Blue.uasset" 309
"../../../Engine/Content/EngineSky/T_Sky_Clouds_M.uasset" 310
"../../../Engine/Content/EngineSky/T_Sky_Stars.uasset" 311
"../../../Engine/Content/EngineSky/M_Sky_Panning_Clouds2.uasset" 312
"../../../Engine/Content/EngineSky/SM_SkySphere.uasset" 313
"../../../Engine/Content/EngineSky/BP_Sky_Sphere.uasset" 314
"../../../LD35/Content/Materials/unlit2.uasset" 315
"../../../LD35/Content/Materials/unlit2_2.uasset" 316
"../../../Engine/Content/BasicShapes/Sphere.uasset" 317
"../../../LD35/Content/Meshes/1M_Cube.uasset" 318
"../../../LD35/Content/Meshes/coffee_cup.uasset" 319
"../../../LD35/Content/Meshes/coffee_cup_2.uasset" 320
"../../../LD35/Content/Maps/FirstPersonExampleMap.umap" 321
"../../../Engine/Content/Functions/Engine_MaterialFunctions02/Utility/BlendAngleCorrectedNormals.uasset" 322
"../../../LD35/Content/StarterContent/Textures/T_Detail_Rocky_N.uasset" 323
"../../../LD35/Content/StarterContent/Textures/T_RockMesh_M.uasset" 324
"../../../LD35/Content/StarterContent/Textures/T_RockMesh_N.uasset" 325
"../../../LD35/Content/StarterContent/Props/Materials/M_Rock.uasset" 326
"../../../LD35/Content/StarterContent/Props/SM_Rock.uasset" 327
"../../../LD35/Content/widgets/credits.uasset" 328
"../../../LD35/Content/Blueprints/game_end_checker.uasset" 329
"../../../LD35/Content/Audio/Move_Menu_Sound_Cue.uasset" 330
"../../../LD35/Content/Audio/Select_Cue.uasset" 331
"../../../LD35/Content/widgets/MainMenu.uasset" 332
"../../../LD35/Content/Blueprints/mainmenuplayer.uasset" 333
"../../../LD35/Content/Blueprints/NewPlayerController.uasset" 334
"../../../LD35/Content/Blueprints/NewGameMode.uasset" 335
"../../../LD35/Content/Materials/unlit2_4.uasset" 336
"../../../LD35/Content/Materials/unlit2_5.uasset" 337
"../../../LD35/Content/Materials/unlit2_6.uasset" 338
"../../../LD35/Content/Materials/unlit2_7.uasset" 339
"../../../LD35/Content/Materials/unlit3.uasset" 340
"../../../LD35/Content/Materials/unlit4.uasset" 341
"../../../LD35/Content/Materials/unlit6.uasset" 342
"../../../LD35/Content/Materials/unlit7.uasset" 343
"../../../LD35/Content/Materials/unlit8.uasset" 344
"../../../LD35/Content/Materials/unlit9.uasset" 345
"../../../LD35/Content/StarterContent/Textures/T_Metal_Rust_N.uasset" 346
"../../../LD35/Content/StarterContent/Materials/M_Concrete_Grime.uasset" 347
"../../../LD35/Content/Audio/at_beer.uasset" 348
"../../../LD35/Content/Audio/at_breakup.uasset" 349
"../../../LD35/Content/Audio/at_flower.uasset" 350
"../../../LD35/Content/Audio/at_key.uasset" 351
"../../../LD35/Content/Audio/at_married.uasset" 352
"../../../LD35/Content/Audio/at_questioning.uasset" 353
"../../../LD35/Content/Audio/at_singleness.uasset" 354
"../../../LD35/Content/Audio/new_peaceful_theme_Cue.uasset" 355
"../../../LD35/Content/Audio/new_peaceful_theme_with_drums_Cue.uasset" 356
"../../../LD35/Content/StarterContent/Textures/T_Bush_D.uasset" 357
"../../../LD35/Content/StarterContent/Textures/T_Bush_N.uasset" 358
"../../../LD35/Content/StarterContent/Props/Materials/M_Bush.uasset" 359
"../../../LD35/Content/StarterContent/Props/SM_Bush.uasset" 360
"../../../LD35/Content/StarterContent/Shapes/Shape_Cone.uasset" 361
"../../../LD35/Content/StarterContent/Shapes/Shape_Cube.uasset" 362
"../../../LD35/Content/StarterContent/Shapes/Shape_Cylinder.uasset" 363
"../../../LD35/Content/StarterContent/Shapes/Shape_NarrowCapsule.uasset" 364
"../../../LD35/Content/StarterContent/Shapes/Shape_Pipe.uasset" 365
"../../../LD35/Content/StarterContent/Shapes/Shape_Pipe_180.uasset" 366
"../../../LD35/Content/StarterContent/Shapes/Shape_Pipe_90.uasset" 367
"../../../LD35/Content/StarterContent/Shapes/Shape_QuadPyramid.uasset" 368
"../../../LD35/Content/StarterContent/Shapes/Shape_Sphere.uasset" 369
"../../../LD35/Content/StarterContent/Shapes/Shape_Torus.uasset" 370
"../../../LD35/Content/StarterContent/Shapes/Shape_TriPyramid.uasset" 371
"../../../LD35/Content/StarterContent/Shapes/Shape_Tube.uasset" 372
"../../../LD35/Content/StarterContent/Shapes/Shape_Wedge_A.uasset" 373
"../../../LD35/Content/StarterContent/Shapes/Shape_Wedge_B.uasset" 374
"../../../LD35/Content/StarterContent/Shapes/Shape_WideCapsule.uasset" 375
"../../../LD35/Content/Maps/LD35_level.umap" 376
